0 info it worked if it ends with ok
1 verbose cli [ 'node', '/usr/local/bin/npm', 'publish' ]
2 info using npm@1.1.37
3 info using node@v0.8.2
4 verbose config file /Users/Tones/.npmrc
5 verbose config file /usr/local/etc/npmrc
6 verbose config file /usr/local/lib/node_modules/npm/npmrc
7 verbose publish [ '.' ]
8 verbose read json /Users/Tones/Sites/cache22/package.json
9 verbose cache add [ '.', null ]
10 silly cache add name=undefined spec="." args=[".",null]
11 verbose parsed url { pathname: '.', path: '.', href: '.' }
12 silly lockFile 3a52ce78- .
13 verbose lock . /Users/Tones/.npm/3a52ce78-.lock
14 verbose read json package.json
15 verbose tar pack [ '/var/folders/r5/0sf33wqs75zbjzz6sdvh42t40000gn/T/npm-5165/1348632386199-0.6682698824442923/tmp.tgz',
15 verbose tar pack   '.' ]
16 verbose tarball /var/folders/r5/0sf33wqs75zbjzz6sdvh42t40000gn/T/npm-5165/1348632386199-0.6682698824442923/tmp.tgz
17 verbose folder .
18 info prepublish Cache22@0.1.0
19 silly lockFile d08c3e5c-86199-0-6682698824442923-tmp-tgz /var/folders/r5/0sf33wqs75zbjzz6sdvh42t40000gn/T/npm-5165/1348632386199-0.6682698824442923/tmp.tgz
20 verbose lock /var/folders/r5/0sf33wqs75zbjzz6sdvh42t40000gn/T/npm-5165/1348632386199-0.6682698824442923/tmp.tgz /Users/Tones/.npm/d08c3e5c-86199-0-6682698824442923-tmp-tgz.lock
21 silly lockFile d08c3e5c-86199-0-6682698824442923-tmp-tgz /var/folders/r5/0sf33wqs75zbjzz6sdvh42t40000gn/T/npm-5165/1348632386199-0.6682698824442923/tmp.tgz
22 verbose tar unpack /var/folders/r5/0sf33wqs75zbjzz6sdvh42t40000gn/T/npm-5165/1348632386199-0.6682698824442923/tmp.tgz
23 silly lockFile 013e9b36-86199-0-6682698824442923-package /var/folders/r5/0sf33wqs75zbjzz6sdvh42t40000gn/T/npm-5165/1348632386199-0.6682698824442923/package
24 verbose lock /var/folders/r5/0sf33wqs75zbjzz6sdvh42t40000gn/T/npm-5165/1348632386199-0.6682698824442923/package /Users/Tones/.npm/013e9b36-86199-0-6682698824442923-package.lock
25 silly gunzTarPerm modes [ '755', '644' ]
26 silly gunzTarPerm extractEntry package.json
27 silly gunzTarPerm extractEntry .npmignore
28 silly gunzTarPerm extractEntry README.md
29 silly gunzTarPerm extractEntry grunt.js
30 silly gunzTarPerm extractEntry index.js
31 silly gunzTarPerm extractEntry History.md
32 silly gunzTarPerm extractEntry lib/cache.js
33 silly gunzTarPerm extractEntry lib/constants.js
34 silly gunzTarPerm extractEntry lib/stores/memory.js
35 silly gunzTarPerm extractEntry lib/stores/redis.js
36 silly gunzTarPerm extractEntry LICENSE-MIT
37 silly gunzTarPerm extractEntry test/cache.add.js
38 silly gunzTarPerm extractEntry test/cache.decr.js
39 silly gunzTarPerm extractEntry test/cache.del.js
40 silly gunzTarPerm extractEntry test/cache.flushAll.js
41 silly gunzTarPerm extractEntry test/cache.append.js
42 silly gunzTarPerm extractEntry test/cache.incr.js
43 silly gunzTarPerm extractEntry test/cache.prepend.js
44 silly gunzTarPerm extractEntry test/cache.replace.js
45 silly gunzTarPerm extractEntry test/cache.set.js
46 silly gunzTarPerm extractEntry test/cache.touch.js
47 silly gunzTarPerm extractEntry test/cache.get.js
48 verbose read json /var/folders/r5/0sf33wqs75zbjzz6sdvh42t40000gn/T/npm-5165/1348632386199-0.6682698824442923/package/package.json
49 silly lockFile 013e9b36-86199-0-6682698824442923-package /var/folders/r5/0sf33wqs75zbjzz6sdvh42t40000gn/T/npm-5165/1348632386199-0.6682698824442923/package
50 verbose from cache /var/folders/r5/0sf33wqs75zbjzz6sdvh42t40000gn/T/npm-5165/1348632386199-0.6682698824442923/package/package.json
51 verbose tar pack [ '/Users/Tones/.npm/Cache22/0.1.0/package.tgz',
51 verbose tar pack   '/var/folders/r5/0sf33wqs75zbjzz6sdvh42t40000gn/T/npm-5165/1348632386199-0.6682698824442923/package' ]
52 verbose tarball /Users/Tones/.npm/Cache22/0.1.0/package.tgz
53 verbose folder /var/folders/r5/0sf33wqs75zbjzz6sdvh42t40000gn/T/npm-5165/1348632386199-0.6682698824442923/package
54 silly lockFile a472cce0-es-npm-Cache22-0-1-0-package-tgz /Users/Tones/.npm/Cache22/0.1.0/package.tgz
55 verbose lock /Users/Tones/.npm/Cache22/0.1.0/package.tgz /Users/Tones/.npm/a472cce0-es-npm-Cache22-0-1-0-package-tgz.lock
56 silly lockFile a472cce0-es-npm-Cache22-0-1-0-package-tgz /Users/Tones/.npm/Cache22/0.1.0/package.tgz
57 silly lockFile 9888b9f2--Tones-npm-Cache22-0-1-0-package /Users/Tones/.npm/Cache22/0.1.0/package
58 verbose lock /Users/Tones/.npm/Cache22/0.1.0/package /Users/Tones/.npm/9888b9f2--Tones-npm-Cache22-0-1-0-package.lock
59 silly lockFile 9888b9f2--Tones-npm-Cache22-0-1-0-package /Users/Tones/.npm/Cache22/0.1.0/package
60 verbose tar unpack /Users/Tones/.npm/Cache22/0.1.0/package.tgz
61 silly lockFile 9888b9f2--Tones-npm-Cache22-0-1-0-package /Users/Tones/.npm/Cache22/0.1.0/package
62 verbose lock /Users/Tones/.npm/Cache22/0.1.0/package /Users/Tones/.npm/9888b9f2--Tones-npm-Cache22-0-1-0-package.lock
63 silly gunzTarPerm modes [ '755', '644' ]
64 silly gunzTarPerm extractEntry package.json
65 silly gunzTarPerm extractEntry .npmignore
66 silly gunzTarPerm extractEntry README.md
67 silly gunzTarPerm extractEntry grunt.js
68 silly gunzTarPerm extractEntry index.js
69 silly gunzTarPerm extractEntry History.md
70 silly gunzTarPerm extractEntry lib/cache.js
71 silly gunzTarPerm extractEntry lib/constants.js
72 silly gunzTarPerm extractEntry lib/stores/memory.js
73 silly gunzTarPerm extractEntry lib/stores/redis.js
74 silly gunzTarPerm extractEntry LICENSE-MIT
75 silly gunzTarPerm extractEntry test/cache.add.js
76 silly gunzTarPerm extractEntry test/cache.decr.js
77 silly gunzTarPerm extractEntry test/cache.del.js
78 silly gunzTarPerm extractEntry test/cache.flushAll.js
79 silly gunzTarPerm extractEntry test/cache.append.js
80 silly gunzTarPerm extractEntry test/cache.incr.js
81 silly gunzTarPerm extractEntry test/cache.prepend.js
82 silly gunzTarPerm extractEntry test/cache.replace.js
83 silly gunzTarPerm extractEntry test/cache.set.js
84 silly gunzTarPerm extractEntry test/cache.touch.js
85 silly gunzTarPerm extractEntry test/cache.get.js
86 verbose read json /Users/Tones/.npm/Cache22/0.1.0/package/package.json
87 silly lockFile 9888b9f2--Tones-npm-Cache22-0-1-0-package /Users/Tones/.npm/Cache22/0.1.0/package
88 silly shasum updated bytes 6281
89 info shasum b569027d120936bfdf7aafcb01ec16a24dfdf509
89 info shasum /Users/Tones/.npm/Cache22/0.1.0/package.tgz
90 verbose from cache /Users/Tones/.npm/Cache22/0.1.0/package/package.json
91 verbose chmod /Users/Tones/.npm/Cache22/0.1.0/package.tgz 644
92 verbose chown /Users/Tones/.npm/Cache22/0.1.0/package.tgz [ 501, 20 ]
93 silly lockFile 3a52ce78- .
94 silly publish { name: 'Cache22',
94 silly publish   description: 'Caching for node apps. Currently supports memory and redis stores.',
94 silly publish   version: '0.1.0',
94 silly publish   homepage: 'https://github.com/tonymilne/cache22',
94 silly publish   author: { name: 'Tony Milne' },
94 silly publish   repository:
94 silly publish    { type: 'git',
94 silly publish      url: 'git://github.com/tonymilne/node-cache.git' },
94 silly publish   bugs: { url: 'https://github.com/tonymilne/cache22/issues' },
94 silly publish   licenses:
94 silly publish    [ { type: 'MIT',
94 silly publish        url: 'https://github.com/tonymilne/cache22/blob/master/LICENSE-MIT' } ],
94 silly publish   main: 'index.js',
94 silly publish   engines: { node: '>= 0.6.0' },
94 silly publish   scripts: { test: 'grunt test' },
94 silly publish   devDependencies:
94 silly publish    { grunt: '~0.3.15',
94 silly publish      should: '~1.2.0',
94 silly publish      mocha: '~1.5.0',
94 silly publish      'grunt-simple-mocha': '~0.2.0' },
94 silly publish   keywords: [],
94 silly publish   dependencies: { step: '0.0.5', ms: '~0.3.0', redis: '~0.8.1' },
94 silly publish   readme: '# Cache22\n\nCaching for node apps.\n\n## Getting Started\nInstall the module with: `npm install cache22`\n\n```javascript\nvar Cache = require(\'cache22\');\nvar cache = new Cache({\n\tstore: \'memory\'\n});\n\ncache.set(\'name\', \'Tony Milne\', callback);\n```\n\n## Documentation\n_(Coming soon)_\n\n## Examples\n_(Coming soon)_\n\n## Contributing\nIn lieu of a formal styleguide, take care to maintain the existing coding style. Add unit tests for any new or changed functionality. Lint and test your code using [grunt](https://github.com/cowboy/grunt).\n\n## Release History\n_(Nothing yet)_\n\n## License\nCopyright (c) 2012 Tony Milne\nLicensed under the MIT license.',
94 silly publish   _id: 'Cache22@0.1.0',
94 silly publish   dist: { shasum: 'b569027d120936bfdf7aafcb01ec16a24dfdf509' } }
95 verbose url raw Cache22
96 verbose url resolving [ 'https://registry.npmjs.org/', './Cache22' ]
97 verbose url resolved https://registry.npmjs.org/Cache22
98 info retry registry request attempt 1 at 14:06:28
99 http PUT https://registry.npmjs.org/Cache22
100 http 403 https://registry.npmjs.org/Cache22
101 error publish Failed PUT response 403
102 error Error: forbidden New packages must have all-lowercase names: Cache22
102 error     at RegClient.<anonymous> (/usr/local/lib/node_modules/npm/node_modules/npm-registry-client/lib/request.js:235:14)
102 error     at Request.init.self.callback (/usr/local/lib/node_modules/npm/node_modules/request/main.js:120:22)
102 error     at Request.EventEmitter.emit (events.js:91:17)
102 error     at Request.<anonymous> (/usr/local/lib/node_modules/npm/node_modules/request/main.js:555:16)
102 error     at Request.EventEmitter.emit (events.js:88:17)
102 error     at IncomingMessage.Request.start.self.req.self.httpModule.request.buffer (/usr/local/lib/node_modules/npm/node_modules/request/main.js:517:14)
102 error     at IncomingMessage.EventEmitter.emit (events.js:115:20)
102 error     at IncomingMessage._emitEnd (http.js:366:10)
102 error     at HTTPParser.parserOnMessageComplete [as onMessageComplete] (http.js:149:23)
102 error     at CleartextStream.socketOnData [as ondata] (http.js:1356:20)
102 error  [Error: forbidden New packages must have all-lowercase names: Cache22]
103 error You may report this log at:
103 error     <http://github.com/isaacs/npm/issues>
103 error or email it to:
103 error     <npm-@googlegroups.com>
104 error System Darwin 11.4.0
105 error command "node" "/usr/local/bin/npm" "publish"
106 error cwd /Users/Tones/Sites/cache22
107 error node -v v0.8.2
108 error npm -v 1.1.37
109 error message forbidden New packages must have all-lowercase names: Cache22
110 verbose exit [ 1, true ]
